This is pdfTeX, Version 3.141592653-2.6-1.40.22 (TeX Live 2022/dev/Debian) (preloaded format=pdflatex 2024.12.28)  2 JAN 2025 15:19
entering extended mode
 restricted \write18 enabled.
 %&-line parsing enabled.
**slides/kick_off_meeting.tex
(./slides/kick_off_meeting.tex
LaTeX2e <2021-11-15> patch level 1
L3 programming layer <2022-01-21>

! LaTeX Error: File `].cls' not found.

Type X to quit or <RETURN> to proceed,
or enter new name. (Default extension: cls)

Enter file name: q

! LaTeX Error: File `q.cls' not found.

Type X to quit or <RETURN> to proceed,
or enter new name. (Default extension: cls)

Enter file name: q

! LaTeX Error: File `q.cls' not found.

Type X to quit or <RETURN> to proceed,
or enter new name. (Default extension: cls)

Enter file name: q

! LaTeX Error: File `q.cls' not found.

Type X to quit or <RETURN> to proceed,
or enter new name. (Default extension: cls)

Enter file name: q

! LaTeX Error: File `q.cls' not found.

Type X to quit or <RETURN> to proceed,
or enter new name. (Default extension: cls)

Enter file name: X

! Emergency stop.
<read *> 
         
l.1 \documentclass[10pt, xcolor=[dvipsnames]]{
                                              beamer}
*** (cannot \read from terminal in nonstop modes)

 
Here is how much of TeX's memory you used:
 28 strings out of 480171
 545 string characters out of 5894488
 284206 words of memory out of 5000000
 18076 multiletter control sequences out of 15000+600000
 469259 words of font info for 28 fonts, out of 8000000 for 9000
 59 hyphenation exceptions out of 8191
 25i,0n,38p,111b,18s stack positions out of 5000i,500n,10000p,200000b,80000s
!  ==> Fatal error occurred, no output PDF file produced!
